Build started 7/31/2020 9:51:29 AM.
     1>Project "C:\Users\Georgegege\Documents\TR-Dosen\TR-Dosen\TR-Dosen\TR-Dosen.vcxproj" on node 2 (build target(s)).
     1>InitializeBuildStatus:
         Creating "Debug\TR-Dosen.unsuccessfulbuild" because "AlwaysCreate" was specified.
       ClCompile:
         C:\Program Files (x86)\Microsoft Visual Studio 10.0\VC\bin\CL.exe /c /I"C:\Users\Georgegege\Documents\Glew & Glut Visual Studio\freeglut\include" /I"C:\Users\Georgegege\Documents\Glew & Glut Visual Studio\Glew\include" /ZI /nologo /W3 /WX- /Od /Oy- /D _MBCS /Gm /EHsc /RTC1 /MDd /GS /fp:precise /Zc:wchar_t /Zc:forScope /Fo"Debug\\" /Fd"Debug\vc100.pdb" /Gd /TP /analyze- /errorReport:prompt TR.cpp
         TR.cpp
     1>c:\users\georgegege\documents\tr-dosen\tr-dosen\tr-dosen\tr.cpp(31): warning C4305: 'initializing' : truncation from 'double' to 'GLfloat'
     1>c:\users\georgegege\documents\tr-dosen\tr-dosen\tr-dosen\tr.cpp(31): warning C4305: 'initializing' : truncation from 'double' to 'GLfloat'
     1>c:\users\georgegege\documents\tr-dosen\tr-dosen\tr-dosen\tr.cpp(31): warning C4305: 'initializing' : truncation from 'double' to 'GLfloat'
     1>c:\users\georgegege\documents\tr-dosen\tr-dosen\tr-dosen\tr.cpp(34): warning C4305: 'initializing' : truncation from 'double' to 'GLfloat'
     1>c:\users\georgegege\documents\tr-dosen\tr-dosen\tr-dosen\tr.cpp(34): warning C4305: 'initializing' : truncation from 'double' to 'GLfloat'
     1>c:\users\georgegege\documents\tr-dosen\tr-dosen\tr-dosen\tr.cpp(193): warning C4305: 'argument' : truncation from 'double' to 'GLfloat'
     1>c:\users\georgegege\documents\tr-dosen\tr-dosen\tr-dosen\tr.cpp(201): warning C4305: 'argument' : truncation from 'double' to 'GLfloat'
     1>c:\users\georgegege\documents\tr-dosen\tr-dosen\tr-dosen\tr.cpp(209): warning C4305: 'argument' : truncation from 'double' to 'GLfloat'
     1>c:\users\georgegege\documents\tr-dosen\tr-dosen\tr-dosen\tr.cpp(221): warning C4305: 'argument' : truncation from 'double' to 'GLfloat'
     1>c:\users\georgegege\documents\tr-dosen\tr-dosen\tr-dosen\tr.cpp(221): warning C4305: 'argument' : truncation from 'double' to 'GLfloat'
     1>c:\users\georgegege\documents\tr-dosen\tr-dosen\tr-dosen\tr.cpp(221): warning C4305: 'argument' : truncation from 'double' to 'GLfloat'
     1>c:\users\georgegege\documents\tr-dosen\tr-dosen\tr-dosen\tr.cpp(229): warning C4305: 'argument' : truncation from 'double' to 'GLfloat'
     1>c:\users\georgegege\documents\tr-dosen\tr-dosen\tr-dosen\tr.cpp(229): warning C4305: 'argument' : truncation from 'double' to 'GLfloat'
     1>c:\users\georgegege\documents\tr-dosen\tr-dosen\tr-dosen\tr.cpp(229): warning C4305: 'argument' : truncation from 'double' to 'GLfloat'
     1>c:\users\georgegege\documents\tr-dosen\tr-dosen\tr-dosen\tr.cpp(237): warning C4305: 'argument' : truncation from 'double' to 'GLfloat'
     1>c:\users\georgegege\documents\tr-dosen\tr-dosen\tr-dosen\tr.cpp(237): warning C4305: 'argument' : truncation from 'double' to 'GLfloat'
     1>c:\users\georgegege\documents\tr-dosen\tr-dosen\tr-dosen\tr.cpp(237): warning C4305: 'argument' : truncation from 'double' to 'GLfloat'
     1>c:\users\georgegege\documents\tr-dosen\tr-dosen\tr-dosen\tr.cpp(245): warning C4305: 'argument' : truncation from 'double' to 'GLfloat'
     1>c:\users\georgegege\documents\tr-dosen\tr-dosen\tr-dosen\tr.cpp(245): warning C4305: 'argument' : truncation from 'double' to 'GLfloat'
     1>c:\users\georgegege\documents\tr-dosen\tr-dosen\tr-dosen\tr.cpp(245): warning C4305: 'argument' : truncation from 'double' to 'GLfloat'
     1>c:\users\georgegege\documents\tr-dosen\tr-dosen\tr-dosen\tr.cpp(253): warning C4305: 'argument' : truncation from 'double' to 'GLfloat'
     1>c:\users\georgegege\documents\tr-dosen\tr-dosen\tr-dosen\tr.cpp(253): warning C4305: 'argument' : truncation from 'double' to 'GLfloat'
     1>c:\users\georgegege\documents\tr-dosen\tr-dosen\tr-dosen\tr.cpp(253): warning C4305: 'argument' : truncation from 'double' to 'GLfloat'
     1>c:\users\georgegege\documents\tr-dosen\tr-dosen\tr-dosen\tr.cpp(261): warning C4305: 'argument' : truncation from 'double' to 'GLfloat'
     1>c:\users\georgegege\documents\tr-dosen\tr-dosen\tr-dosen\tr.cpp(261): warning C4305: 'argument' : truncation from 'double' to 'GLfloat'
     1>c:\users\georgegege\documents\tr-dosen\tr-dosen\tr-dosen\tr.cpp(261): warning C4305: 'argument' : truncation from 'double' to 'GLfloat'
     1>c:\users\georgegege\documents\tr-dosen\tr-dosen\tr-dosen\tr.cpp(270): warning C4305: 'argument' : truncation from 'double' to 'GLfloat'
     1>c:\users\georgegege\documents\tr-dosen\tr-dosen\tr-dosen\tr.cpp(270): warning C4305: 'argument' : truncation from 'double' to 'GLfloat'
     1>c:\users\georgegege\documents\tr-dosen\tr-dosen\tr-dosen\tr.cpp(270): warning C4305: 'argument' : truncation from 'double' to 'GLfloat'
     1>c:\users\georgegege\documents\tr-dosen\tr-dosen\tr-dosen\tr.cpp(278): warning C4305: 'argument' : truncation from 'double' to 'GLfloat'
     1>c:\users\georgegege\documents\tr-dosen\tr-dosen\tr-dosen\tr.cpp(278): warning C4305: 'argument' : truncation from 'double' to 'GLfloat'
     1>c:\users\georgegege\documents\tr-dosen\tr-dosen\tr-dosen\tr.cpp(278): warning C4305: 'argument' : truncation from 'double' to 'GLfloat'
     1>c:\users\georgegege\documents\tr-dosen\tr-dosen\tr-dosen\tr.cpp(286): warning C4305: 'argument' : truncation from 'double' to 'GLfloat'
     1>c:\users\georgegege\documents\tr-dosen\tr-dosen\tr-dosen\tr.cpp(286): warning C4305: 'argument' : truncation from 'double' to 'GLfloat'
     1>c:\users\georgegege\documents\tr-dosen\tr-dosen\tr-dosen\tr.cpp(286): warning C4305: 'argument' : truncation from 'double' to 'GLfloat'
     1>c:\users\georgegege\documents\tr-dosen\tr-dosen\tr-dosen\tr.cpp(295): warning C4305: 'argument' : truncation from 'double' to 'GLfloat'
     1>c:\users\georgegege\documents\tr-dosen\tr-dosen\tr-dosen\tr.cpp(295): warning C4305: 'argument' : truncation from 'double' to 'GLfloat'
     1>c:\users\georgegege\documents\tr-dosen\tr-dosen\tr-dosen\tr.cpp(295): warning C4305: 'argument' : truncation from 'double' to 'GLfloat'
     1>c:\users\georgegege\documents\tr-dosen\tr-dosen\tr-dosen\tr.cpp(304): warning C4305: 'argument' : truncation from 'double' to 'GLfloat'
     1>c:\users\georgegege\documents\tr-dosen\tr-dosen\tr-dosen\tr.cpp(304): warning C4305: 'argument' : truncation from 'double' to 'GLfloat'
     1>c:\users\georgegege\documents\tr-dosen\tr-dosen\tr-dosen\tr.cpp(304): warning C4305: 'argument' : truncation from 'double' to 'GLfloat'
     1>c:\users\georgegege\documents\tr-dosen\tr-dosen\tr-dosen\tr.cpp(313): warning C4305: 'argument' : truncation from 'double' to 'GLfloat'
     1>c:\users\georgegege\documents\tr-dosen\tr-dosen\tr-dosen\tr.cpp(313): warning C4305: 'argument' : truncation from 'double' to 'GLfloat'
     1>c:\users\georgegege\documents\tr-dosen\tr-dosen\tr-dosen\tr.cpp(313): warning C4305: 'argument' : truncation from 'double' to 'GLfloat'
     1>c:\users\georgegege\documents\tr-dosen\tr-dosen\tr-dosen\tr.cpp(322): warning C4305: 'argument' : truncation from 'double' to 'GLfloat'
     1>c:\users\georgegege\documents\tr-dosen\tr-dosen\tr-dosen\tr.cpp(322): warning C4305: 'argument' : truncation from 'double' to 'GLfloat'
     1>c:\users\georgegege\documents\tr-dosen\tr-dosen\tr-dosen\tr.cpp(322): warning C4305: 'argument' : truncation from 'double' to 'GLfloat'
     1>c:\users\georgegege\documents\tr-dosen\tr-dosen\tr-dosen\tr.cpp(323): warning C4305: 'argument' : truncation from 'double' to 'GLfloat'
     1>c:\users\georgegege\documents\tr-dosen\tr-dosen\tr-dosen\tr.cpp(323): warning C4305: 'argument' : truncation from 'double' to 'GLfloat'
     1>c:\users\georgegege\documents\tr-dosen\tr-dosen\tr-dosen\tr.cpp(323): warning C4305: 'argument' : truncation from 'double' to 'GLfloat'
     1>c:\users\georgegege\documents\tr-dosen\tr-dosen\tr-dosen\tr.cpp(332): warning C4305: 'argument' : truncation from 'double' to 'GLfloat'
     1>c:\users\georgegege\documents\tr-dosen\tr-dosen\tr-dosen\tr.cpp(332): warning C4305: 'argument' : truncation from 'double' to 'GLfloat'
     1>c:\users\georgegege\documents\tr-dosen\tr-dosen\tr-dosen\tr.cpp(332): warning C4305: 'argument' : truncation from 'double' to 'GLfloat'
     1>c:\users\georgegege\documents\tr-dosen\tr-dosen\tr-dosen\tr.cpp(333): warning C4305: 'argument' : truncation from 'double' to 'GLfloat'
     1>c:\users\georgegege\documents\tr-dosen\tr-dosen\tr-dosen\tr.cpp(333): warning C4305: 'argument' : truncation from 'double' to 'GLfloat'
     1>c:\users\georgegege\documents\tr-dosen\tr-dosen\tr-dosen\tr.cpp(333): warning C4305: 'argument' : truncation from 'double' to 'GLfloat'
     1>c:\users\georgegege\documents\tr-dosen\tr-dosen\tr-dosen\tr.cpp(342): warning C4305: 'argument' : truncation from 'double' to 'GLfloat'
     1>c:\users\georgegege\documents\tr-dosen\tr-dosen\tr-dosen\tr.cpp(342): warning C4305: 'argument' : truncation from 'double' to 'GLfloat'
     1>c:\users\georgegege\documents\tr-dosen\tr-dosen\tr-dosen\tr.cpp(342): warning C4305: 'argument' : truncation from 'double' to 'GLfloat'
     1>c:\users\georgegege\documents\tr-dosen\tr-dosen\tr-dosen\tr.cpp(350): warning C4305: 'argument' : truncation from 'double' to 'GLfloat'
     1>c:\users\georgegege\documents\tr-dosen\tr-dosen\tr-dosen\tr.cpp(350): warning C4305: 'argument' : truncation from 'double' to 'GLfloat'
     1>c:\users\georgegege\documents\tr-dosen\tr-dosen\tr-dosen\tr.cpp(350): warning C4305: 'argument' : truncation from 'double' to 'GLfloat'
     1>c:\users\georgegege\documents\tr-dosen\tr-dosen\tr-dosen\tr.cpp(358): warning C4305: 'argument' : truncation from 'double' to 'GLfloat'
     1>c:\users\georgegege\documents\tr-dosen\tr-dosen\tr-dosen\tr.cpp(358): warning C4305: 'argument' : truncation from 'double' to 'GLfloat'
     1>c:\users\georgegege\documents\tr-dosen\tr-dosen\tr-dosen\tr.cpp(358): warning C4305: 'argument' : truncation from 'double' to 'GLfloat'
     1>c:\users\georgegege\documents\tr-dosen\tr-dosen\tr-dosen\tr.cpp(359): warning C4305: 'argument' : truncation from 'double' to 'GLfloat'
     1>c:\users\georgegege\documents\tr-dosen\tr-dosen\tr-dosen\tr.cpp(360): warning C4305: 'argument' : truncation from 'double' to 'GLfloat'
     1>c:\users\georgegege\documents\tr-dosen\tr-dosen\tr-dosen\tr.cpp(361): warning C4305: 'argument' : truncation from 'double' to 'GLfloat'
     1>c:\users\georgegege\documents\tr-dosen\tr-dosen\tr-dosen\tr.cpp(362): warning C4305: 'argument' : truncation from 'double' to 'GLfloat'
     1>c:\users\georgegege\documents\tr-dosen\tr-dosen\tr-dosen\tr.cpp(366): warning C4305: 'argument' : truncation from 'double' to 'GLfloat'
     1>c:\users\georgegege\documents\tr-dosen\tr-dosen\tr-dosen\tr.cpp(366): warning C4305: 'argument' : truncation from 'double' to 'GLfloat'
     1>c:\users\georgegege\documents\tr-dosen\tr-dosen\tr-dosen\tr.cpp(366): warning C4305: 'argument' : truncation from 'double' to 'GLfloat'
     1>c:\users\georgegege\documents\tr-dosen\tr-dosen\tr-dosen\tr.cpp(367): warning C4305: 'argument' : truncation from 'double' to 'GLfloat'
     1>c:\users\georgegege\documents\tr-dosen\tr-dosen\tr-dosen\tr.cpp(368): warning C4305: 'argument' : truncation from 'double' to 'GLfloat'
     1>c:\users\georgegege\documents\tr-dosen\tr-dosen\tr-dosen\tr.cpp(369): warning C4305: 'argument' : truncation from 'double' to 'GLfloat'
     1>c:\users\georgegege\documents\tr-dosen\tr-dosen\tr-dosen\tr.cpp(370): warning C4305: 'argument' : truncation from 'double' to 'GLfloat'
     1>c:\users\georgegege\documents\tr-dosen\tr-dosen\tr-dosen\tr.cpp(374): warning C4305: 'argument' : truncation from 'double' to 'GLfloat'
     1>c:\users\georgegege\documents\tr-dosen\tr-dosen\tr-dosen\tr.cpp(374): warning C4305: 'argument' : truncation from 'double' to 'GLfloat'
     1>c:\users\georgegege\documents\tr-dosen\tr-dosen\tr-dosen\tr.cpp(374): warning C4305: 'argument' : truncation from 'double' to 'GLfloat'
     1>c:\users\georgegege\documents\tr-dosen\tr-dosen\tr-dosen\tr.cpp(375): warning C4305: 'argument' : truncation from 'double' to 'GLfloat'
     1>c:\users\georgegege\documents\tr-dosen\tr-dosen\tr-dosen\tr.cpp(375): warning C4305: 'argument' : truncation from 'double' to 'GLfloat'
     1>c:\users\georgegege\documents\tr-dosen\tr-dosen\tr-dosen\tr.cpp(376): warning C4305: 'argument' : truncation from 'double' to 'GLfloat'
     1>c:\users\georgegege\documents\tr-dosen\tr-dosen\tr-dosen\tr.cpp(376): warning C4305: 'argument' : truncation from 'double' to 'GLfloat'
     1>c:\users\georgegege\documents\tr-dosen\tr-dosen\tr-dosen\tr.cpp(377): warning C4305: 'argument' : truncation from 'double' to 'GLfloat'
     1>c:\users\georgegege\documents\tr-dosen\tr-dosen\tr-dosen\tr.cpp(377): warning C4305: 'argument' : truncation from 'double' to 'GLfloat'
     1>c:\users\georgegege\documents\tr-dosen\tr-dosen\tr-dosen\tr.cpp(378): warning C4305: 'argument' : truncation from 'double' to 'GLfloat'
     1>c:\users\georgegege\documents\tr-dosen\tr-dosen\tr-dosen\tr.cpp(378): warning C4305: 'argument' : truncation from 'double' to 'GLfloat'
     1>c:\users\georgegege\documents\tr-dosen\tr-dosen\tr-dosen\tr.cpp(382): warning C4305: 'argument' : truncation from 'double' to 'GLfloat'
     1>c:\users\georgegege\documents\tr-dosen\tr-dosen\tr-dosen\tr.cpp(382): warning C4305: 'argument' : truncation from 'double' to 'GLfloat'
     1>c:\users\georgegege\documents\tr-dosen\tr-dosen\tr-dosen\tr.cpp(382): warning C4305: 'argument' : truncation from 'double' to 'GLfloat'
     1>c:\users\georgegege\documents\tr-dosen\tr-dosen\tr-dosen\tr.cpp(383): warning C4305: 'argument' : truncation from 'double' to 'GLfloat'
     1>c:\users\georgegege\documents\tr-dosen\tr-dosen\tr-dosen\tr.cpp(383): warning C4305: 'argument' : truncation from 'double' to 'GLfloat'
     1>c:\users\georgegege\documents\tr-dosen\tr-dosen\tr-dosen\tr.cpp(384): warning C4305: 'argument' : truncation from 'double' to 'GLfloat'
     1>c:\users\georgegege\documents\tr-dosen\tr-dosen\tr-dosen\tr.cpp(384): warning C4305: 'argument' : truncation from 'double' to 'GLfloat'
     1>c:\users\georgegege\documents\tr-dosen\tr-dosen\tr-dosen\tr.cpp(385): warning C4305: 'argument' : truncation from 'double' to 'GLfloat'
     1>c:\users\georgegege\documents\tr-dosen\tr-dosen\tr-dosen\tr.cpp(385): warning C4305: 'argument' : truncation from 'double' to 'GLfloat'
     1>c:\users\georgegege\documents\tr-dosen\tr-dosen\tr-dosen\tr.cpp(386): warning C4305: 'argument' : truncation from 'double' to 'GLfloat'
     1>c:\users\georgegege\documents\tr-dosen\tr-dosen\tr-dosen\tr.cpp(386): warning C4305: 'argument' : truncation from 'double' to 'GLfloat'
     1>c:\users\georgegege\documents\tr-dosen\tr-dosen\tr-dosen\tr.cpp(391): warning C4305: 'argument' : truncation from 'double' to 'GLfloat'
     1>c:\users\georgegege\documents\tr-dosen\tr-dosen\tr-dosen\tr.cpp(391): warning C4305: 'argument' : truncation from 'double' to 'GLfloat'
     1>c:\users\georgegege\documents\tr-dosen\tr-dosen\tr-dosen\tr.cpp(391): warning C4305: 'argument' : truncation from 'double' to 'GLfloat'
     1>c:\users\georgegege\documents\tr-dosen\tr-dosen\tr-dosen\tr.cpp(399): warning C4305: 'argument' : truncation from 'double' to 'GLfloat'
     1>c:\users\georgegege\documents\tr-dosen\tr-dosen\tr-dosen\tr.cpp(399): warning C4305: 'argument' : truncation from 'double' to 'GLfloat'
     1>c:\users\georgegege\documents\tr-dosen\tr-dosen\tr-dosen\tr.cpp(399): warning C4305: 'argument' : truncation from 'double' to 'GLfloat'
     1>c:\users\georgegege\documents\tr-dosen\tr-dosen\tr-dosen\tr.cpp(409): warning C4305: 'argument' : truncation from 'double' to 'GLfloat'
     1>c:\users\georgegege\documents\tr-dosen\tr-dosen\tr-dosen\tr.cpp(409): warning C4305: 'argument' : truncation from 'double' to 'GLfloat'
     1>c:\users\georgegege\documents\tr-dosen\tr-dosen\tr-dosen\tr.cpp(409): warning C4305: 'argument' : truncation from 'double' to 'GLfloat'
     1>c:\users\georgegege\documents\tr-dosen\tr-dosen\tr-dosen\tr.cpp(416): warning C4305: 'argument' : truncation from 'double' to 'GLfloat'
     1>c:\users\georgegege\documents\tr-dosen\tr-dosen\tr-dosen\tr.cpp(416): warning C4305: 'argument' : truncation from 'double' to 'GLfloat'
     1>c:\users\georgegege\documents\tr-dosen\tr-dosen\tr-dosen\tr.cpp(416): warning C4305: 'argument' : truncation from 'double' to 'GLfloat'
     1>c:\users\georgegege\documents\tr-dosen\tr-dosen\tr-dosen\tr.cpp(423): warning C4305: 'argument' : truncation from 'double' to 'GLfloat'
     1>c:\users\georgegege\documents\tr-dosen\tr-dosen\tr-dosen\tr.cpp(423): warning C4305: 'argument' : truncation from 'double' to 'GLfloat'
     1>c:\users\georgegege\documents\tr-dosen\tr-dosen\tr-dosen\tr.cpp(423): warning C4305: 'argument' : truncation from 'double' to 'GLfloat'
     1>c:\users\georgegege\documents\tr-dosen\tr-dosen\tr-dosen\tr.cpp(430): warning C4305: 'argument' : truncation from 'double' to 'GLfloat'
     1>c:\users\georgegege\documents\tr-dosen\tr-dosen\tr-dosen\tr.cpp(430): warning C4305: 'argument' : truncation from 'double' to 'GLfloat'
     1>c:\users\georgegege\documents\tr-dosen\tr-dosen\tr-dosen\tr.cpp(430): warning C4305: 'argument' : truncation from 'double' to 'GLfloat'
     1>c:\users\georgegege\documents\tr-dosen\tr-dosen\tr-dosen\tr.cpp(438): warning C4305: 'argument' : truncation from 'double' to 'GLfloat'
     1>c:\users\georgegege\documents\tr-dosen\tr-dosen\tr-dosen\tr.cpp(438): warning C4305: 'argument' : truncation from 'double' to 'GLfloat'
     1>c:\users\georgegege\documents\tr-dosen\tr-dosen\tr-dosen\tr.cpp(438): warning C4305: 'argument' : truncation from 'double' to 'GLfloat'
     1>c:\users\georgegege\documents\tr-dosen\tr-dosen\tr-dosen\tr.cpp(445): warning C4305: 'argument' : truncation from 'double' to 'GLfloat'
     1>c:\users\georgegege\documents\tr-dosen\tr-dosen\tr-dosen\tr.cpp(445): warning C4305: 'argument' : truncation from 'double' to 'GLfloat'
     1>c:\users\georgegege\documents\tr-dosen\tr-dosen\tr-dosen\tr.cpp(445): warning C4305: 'argument' : truncation from 'double' to 'GLfloat'
     1>c:\users\georgegege\documents\tr-dosen\tr-dosen\tr-dosen\tr.cpp(452): warning C4305: 'argument' : truncation from 'double' to 'GLfloat'
     1>c:\users\georgegege\documents\tr-dosen\tr-dosen\tr-dosen\tr.cpp(452): warning C4305: 'argument' : truncation from 'double' to 'GLfloat'
     1>c:\users\georgegege\documents\tr-dosen\tr-dosen\tr-dosen\tr.cpp(452): warning C4305: 'argument' : truncation from 'double' to 'GLfloat'
     1>c:\users\georgegege\documents\tr-dosen\tr-dosen\tr-dosen\tr.cpp(459): warning C4305: 'argument' : truncation from 'double' to 'GLfloat'
     1>c:\users\georgegege\documents\tr-dosen\tr-dosen\tr-dosen\tr.cpp(459): warning C4305: 'argument' : truncation from 'double' to 'GLfloat'
     1>c:\users\georgegege\documents\tr-dosen\tr-dosen\tr-dosen\tr.cpp(459): warning C4305: 'argument' : truncation from 'double' to 'GLfloat'
     1>c:\users\georgegege\documents\tr-dosen\tr-dosen\tr-dosen\tr.cpp(468): warning C4305: 'argument' : truncation from 'double' to 'GLfloat'
     1>c:\users\georgegege\documents\tr-dosen\tr-dosen\tr-dosen\tr.cpp(468): warning C4305: 'argument' : truncation from 'double' to 'GLfloat'
     1>c:\users\georgegege\documents\tr-dosen\tr-dosen\tr-dosen\tr.cpp(468): warning C4305: 'argument' : truncation from 'double' to 'GLfloat'
     1>c:\users\georgegege\documents\tr-dosen\tr-dosen\tr-dosen\tr.cpp(475): warning C4305: 'argument' : truncation from 'double' to 'GLfloat'
     1>c:\users\georgegege\documents\tr-dosen\tr-dosen\tr-dosen\tr.cpp(475): warning C4305: 'argument' : truncation from 'double' to 'GLfloat'
     1>c:\users\georgegege\documents\tr-dosen\tr-dosen\tr-dosen\tr.cpp(475): warning C4305: 'argument' : truncation from 'double' to 'GLfloat'
     1>c:\users\georgegege\documents\tr-dosen\tr-dosen\tr-dosen\tr.cpp(482): warning C4305: 'argument' : truncation from 'double' to 'GLfloat'
     1>c:\users\georgegege\documents\tr-dosen\tr-dosen\tr-dosen\tr.cpp(482): warning C4305: 'argument' : truncation from 'double' to 'GLfloat'
     1>c:\users\georgegege\documents\tr-dosen\tr-dosen\tr-dosen\tr.cpp(482): warning C4305: 'argument' : truncation from 'double' to 'GLfloat'
     1>c:\users\georgegege\documents\tr-dosen\tr-dosen\tr-dosen\tr.cpp(489): warning C4305: 'argument' : truncation from 'double' to 'GLfloat'
     1>c:\users\georgegege\documents\tr-dosen\tr-dosen\tr-dosen\tr.cpp(489): warning C4305: 'argument' : truncation from 'double' to 'GLfloat'
     1>c:\users\georgegege\documents\tr-dosen\tr-dosen\tr-dosen\tr.cpp(489): warning C4305: 'argument' : truncation from 'double' to 'GLfloat'
     1>c:\users\georgegege\documents\tr-dosen\tr-dosen\tr-dosen\tr.cpp(497): warning C4305: 'argument' : truncation from 'double' to 'GLfloat'
     1>c:\users\georgegege\documents\tr-dosen\tr-dosen\tr-dosen\tr.cpp(497): warning C4305: 'argument' : truncation from 'double' to 'GLfloat'
     1>c:\users\georgegege\documents\tr-dosen\tr-dosen\tr-dosen\tr.cpp(497): warning C4305: 'argument' : truncation from 'double' to 'GLfloat'
     1>c:\users\georgegege\documents\tr-dosen\tr-dosen\tr-dosen\tr.cpp(504): warning C4305: 'argument' : truncation from 'double' to 'GLfloat'
     1>c:\users\georgegege\documents\tr-dosen\tr-dosen\tr-dosen\tr.cpp(504): warning C4305: 'argument' : truncation from 'double' to 'GLfloat'
     1>c:\users\georgegege\documents\tr-dosen\tr-dosen\tr-dosen\tr.cpp(504): warning C4305: 'argument' : truncation from 'double' to 'GLfloat'
     1>c:\users\georgegege\documents\tr-dosen\tr-dosen\tr-dosen\tr.cpp(511): warning C4305: 'argument' : truncation from 'double' to 'GLfloat'
     1>c:\users\georgegege\documents\tr-dosen\tr-dosen\tr-dosen\tr.cpp(511): warning C4305: 'argument' : truncation from 'double' to 'GLfloat'
     1>c:\users\georgegege\documents\tr-dosen\tr-dosen\tr-dosen\tr.cpp(511): warning C4305: 'argument' : truncation from 'double' to 'GLfloat'
     1>c:\users\georgegege\documents\tr-dosen\tr-dosen\tr-dosen\tr.cpp(518): warning C4305: 'argument' : truncation from 'double' to 'GLfloat'
     1>c:\users\georgegege\documents\tr-dosen\tr-dosen\tr-dosen\tr.cpp(518): warning C4305: 'argument' : truncation from 'double' to 'GLfloat'
     1>c:\users\georgegege\documents\tr-dosen\tr-dosen\tr-dosen\tr.cpp(518): warning C4305: 'argument' : truncation from 'double' to 'GLfloat'
     1>c:\users\georgegege\documents\tr-dosen\tr-dosen\tr-dosen\tr.cpp(526): warning C4305: 'argument' : truncation from 'double' to 'GLfloat'
     1>c:\users\georgegege\documents\tr-dosen\tr-dosen\tr-dosen\tr.cpp(526): warning C4305: 'argument' : truncation from 'double' to 'GLfloat'
     1>c:\users\georgegege\documents\tr-dosen\tr-dosen\tr-dosen\tr.cpp(526): warning C4305: 'argument' : truncation from 'double' to 'GLfloat'
     1>c:\users\georgegege\documents\tr-dosen\tr-dosen\tr-dosen\tr.cpp(533): warning C4305: 'argument' : truncation from 'double' to 'GLfloat'
     1>c:\users\georgegege\documents\tr-dosen\tr-dosen\tr-dosen\tr.cpp(533): warning C4305: 'argument' : truncation from 'double' to 'GLfloat'
     1>c:\users\georgegege\documents\tr-dosen\tr-dosen\tr-dosen\tr.cpp(533): warning C4305: 'argument' : truncation from 'double' to 'GLfloat'
     1>c:\users\georgegege\documents\tr-dosen\tr-dosen\tr-dosen\tr.cpp(540): warning C4305: 'argument' : truncation from 'double' to 'GLfloat'
     1>c:\users\georgegege\documents\tr-dosen\tr-dosen\tr-dosen\tr.cpp(540): warning C4305: 'argument' : truncation from 'double' to 'GLfloat'
     1>c:\users\georgegege\documents\tr-dosen\tr-dosen\tr-dosen\tr.cpp(540): warning C4305: 'argument' : truncation from 'double' to 'GLfloat'
     1>c:\users\georgegege\documents\tr-dosen\tr-dosen\tr-dosen\tr.cpp(547): warning C4305: 'argument' : truncation from 'double' to 'GLfloat'
     1>c:\users\georgegege\documents\tr-dosen\tr-dosen\tr-dosen\tr.cpp(547): warning C4305: 'argument' : truncation from 'double' to 'GLfloat'
     1>c:\users\georgegege\documents\tr-dosen\tr-dosen\tr-dosen\tr.cpp(547): warning C4305: 'argument' : truncation from 'double' to 'GLfloat'
     1>c:\users\georgegege\documents\tr-dosen\tr-dosen\tr-dosen\tr.cpp(560): warning C4305: 'argument' : truncation from 'double' to 'GLfloat'
     1>c:\users\georgegege\documents\tr-dosen\tr-dosen\tr-dosen\tr.cpp(560): warning C4305: 'argument' : truncation from 'double' to 'GLfloat'
     1>c:\users\georgegege\documents\tr-dosen\tr-dosen\tr-dosen\tr.cpp(560): warning C4305: 'argument' : truncation from 'double' to 'GLfloat'
       Link:
         C:\Program Files (x86)\Microsoft Visual Studio 10.0\VC\bin\link.exe /ERRORREPORT:PROMPT /OUT:"C:\Users\Georgegege\Documents\TR-Dosen\TR-Dosen\Debug\TR-Dosen.exe" /NOLOGO /LIBPATH:"C:\Users\Georgegege\Documents\Glew & Glut Visual Studio\freeglut\lib" /LIBPATH:"C:\Users\Georgegege\Documents\Glew & Glut Visual Studio\Glew\lib" freeglut.lib glew32.lib kernel32.lib user32.lib gdi32.lib winspool.lib comdlg32.lib advapi32.lib shell32.lib ole32.lib oleaut32.lib uuid.lib odbc32.lib odbccp32.lib /MANIFEST /ManifestFile:"Debug\TR-Dosen.exe.intermediate.manifest" /MANIFESTUAC:"level='asInvoker' uiAccess='false'" /DEBUG /PDB:"C:\Users\Georgegege\Documents\TR-Dosen\TR-Dosen\Debug\TR-Dosen.pdb" /TLBID:1 /DYNAMICBASE /NXCOMPAT /IMPLIB:"C:\Users\Georgegege\Documents\TR-Dosen\TR-Dosen\Debug\TR-Dosen.lib" /MACHINE:X86 Debug\TR.obj
         LINK : C:\Users\Georgegege\Documents\TR-Dosen\TR-Dosen\Debug\TR-Dosen.exe not found or not built by the last incremental link; performing full link
         TR-Dosen.vcxproj -> C:\Users\Georgegege\Documents\TR-Dosen\TR-Dosen\Debug\TR-Dosen.exe
       Manifest:
         C:\Program Files (x86)\Microsoft SDKs\Windows\v7.0A\bin\mt.exe /nologo /verbose /outputresource:"C:\Users\Georgegege\Documents\TR-Dosen\TR-Dosen\Debug\TR-Dosen.exe;#1" /manifest "Debug\TR-Dosen.exe.intermediate.manifest"
       FinalizeBuildStatus:
         Deleting file "Debug\TR-Dosen.unsuccessfulbuild".
         Touching "Debug\TR-Dosen.lastbuildstate".
     1>Done Building Project "C:\Users\Georgegege\Documents\TR-Dosen\TR-Dosen\TR-Dosen\TR-Dosen.vcxproj" (build target(s)).

Build succeeded.

Time Elapsed 00:00:02.67
